<?xml version="1.0" encoding="UTF-8"?>
<!-- Generated by org.testng.reporters.JUnitReportReporter -->
<testsuite hostname="LAPTOP-KBED4B97" failures="0" tests="1" name="Question2" time="87.038" errors="0" timestamp="2023-05-04T16:07:47 IST" skipped="0">
  <testcase classname="Question2" name="f" time="87.038"/>
  <system-out/>
</testsuite> <!-- Question2 -->
